<?xml version="1.0" encoding="UTF-8"?>
<!-- Generated by org.testng.reporters.JUnitReportReporter -->
<testsuite hostname="DIVYA" failures="0" tests="1" name="amztddproject.YourAccount" time="16.715" errors="0" timestamp="2025-06-08T20:02:25 EDT" skipped="0">
  <testcase classname="amztddproject.YourAccount" name="testYourAccountHoverFunctionality" time="16.715"/>
</testsuite> <!-- amztddproject.YourAccount -->
